SEVAVSYDYD581050772116300
SEVADXULEQ581050948769600
SEVAIHLAFU581051105271300
SEVAMFQBLL581051293774500
SEVAWTEZEN581051460804800
SEVAQKMLBL581051731196100
SEVAHOBWGL581051903517000
SEVAPWTMNZ581052149166700
SEVAVLULVH581052411640000
SEVAXEXEPC581052663657300
SEVAGLUFTW581052832769400
SEVAHRDFVG581053078911100
SEVAAEUHSL581053281612800
SEVAEOLRVI581053544164600
SEVAMIBVKB581053786108000
SEVAMCZRHY581054006649300
SEVAXDLEKZ581054223797600
SEVADGAQSU581054493065500
SEVAZDKZKA581054709255800
SEVAKJWJFF581054971796200
SEVAVKWSQD581055148428400
SEVAMJSGGE581055372564400
SEVAOINTIJ581055606510000
SEVAKZPZIH581055772986400
SEVANTKVMZ581055998289400
SEVAFWPOXZ581056158776300
SEVALAREWX581056347390100
SEVAZRBKJF581056564613300
SEVAKFSXSZ581056815084200
SEVABIEHYH581057098652900
SEVAKVZHGR581057364495700
SEVAMJWKBK581057571589000
SEVATVZWBZ581057819075600
SEVADZCIMG581058070533400
SEVAEUJYIP581058318897400
SEVAEXOIVG581058563858300
SEVADETKOF581058753411700
SEVAOQLBJS581058935626500
SEVAXFPNMU581059094642500
SEVAMDCTWS581059281249500
SEVAFOPALR581059471963300
SEVAJWIYCS581059711475300
SEVAUUANUU581059962478500
SEVAYWFGKE581060191844500
SEVAGMUBML581060448144500
SEVADOTMPO581060689516200
SEVAFUWAOY581060930234600
SEVAIDUTKN581061128950900
SEVAATUUHZ581061308000900
SEVAXXRAFP581061463528900
SEVAWPRQBJ581061726093700
SEVAFZGTTG581061941706200
SEVAJAEDTZ581062161108200
SEVAPYXMKA581062363036500
SEVAQVZFEY581062562872400
SEVARSMKVJ581062759481100
SEVAQZHAZW581062969307100
SEVALYASFX581063186336500
SEVAFQWBOM581063406864000
SEVABEMMAT581063643132200
SEVAXXYANU581063814283800
SEVAVVNNQW581064004019700
SEVATGHDQC581064174999100
SEVAYJDDYD581064347851100
SEVABTSWHM581064510943500
SEVADPFMDZ581064684563000
SEVATDXJKI581064862536500
SEVAZSMFDD581065027082400
SEVATYXXWX581065251056700
SEVADHRQRX581065438197300
SEVAKZOIAQ581065690559300
SEVACBWCRS581065959453000
SEVANAVOFI581066259286400
SEVAFPIQOU581066493904700
SEVAWUVJFD581066677580000
SEVAMDJYUM581066889592800
SEVAGTLJRC581067099682100
SEVASKWKXP581067408605100
SEVARHPTJN581067606912900
SEVAHZZKQF581067791826600
SEVAMLIJSE581067972751300
SEVAAOIRHP581068166318500
SEVAELWCJO581068420749700
SEVAVKTRPB581068669951900
SEVAVWVNEL581068836952600
SEVAAXQKXU581069076129600
SEVAFHESHQ581069300917400
SEVAIFQXGL581069552863900
SEVAFBOPCV581069753588500
SEVAFWEKMV581069981169100
SEVAHNDMJC581070239083700
SEVAKRIFNM581070438999500
SEVAHMZZMR581070660045900
SEVAVBGSHB581070881734600
SEVAGJFKNO581071132595700
SEVAVEVLDM581071332413600
SEVAWZCKPG581071552009800
SEVAZGPQHE581071747063600
SEVAKWMFTU581071910235200
SEVAEXYIHM581072170903000
SEVARJMENY581072357428800
SEVALTZUYZ581072562583400
SEVASJWOLT581072763649600
SEVAXJOQCD581072967263100
SEVAECJYIL581073194708700
SEVAKSSQUG581073410660400
SEVASOMWOS581073694321500
SEVALDOFSY581073875102100
SEVAXSHPTK581074079664600
SEVAEKXASO581074294064900
SEVAIITNEE581074499747200
SEVAIDZBKJ581074670493100
SEVADOEIGX581074907121500
SEVADLWQBA581075155009200
SEVASQYHHA581075368297600
SEVAQGSXLI581075543219500
SEVABHREIW581075868434300
SEVATXHFVG581076122492300
SEVAFXGNAP581076317432500
SEVAXDXZPL581076505233000
SEVAAFCKSO581076721110900
SEVAADMNPS581076988176400
SEVAXIISFQ581077193426400
SEVATJJHJW581077429606300
SEVANIWRZM581077629772400
SEVASIDMAP581077823718300
SEVAFCXBPC581078047677900
SEVABYDYIQ581078321511100
SEVAUSSMOB581078516190500
SEVAKKOFTV581078675414800
SEVAYOPYAZ581078892937500
SEVAHXPTUD581079136492900
SEVADZCJMY581079351243600
SEVAVJNSCV581079538971200
SEVABIHGKS581079776696100
SEVATFLIWS581080028941300
SEVAVTEEQW581080254293000
SEVAOCBNES581080469824600
SEVAUWLOCQ581080716104100
SEVAJTSXIU581080934970200
SEVAKBUPYV581081117597100
SEVAJKVJYC581081316129900
SEVAJHAIAM581081502385900
SEVADRVATC581081737822200
SEVAATLQLU581082032358200
SEVAJUQXOL581082254249700
SEVADEYWKG581082447277800
SEVAEQYOPW581082700465800
SEVAPBVBRJ581082873243800
SEVAVFHGBV581083029636700
SEVAYVUTMF581083177083000
SEVASCNAOM581083376916400
SEVANCOPQH581083567700400
SEVAPIODJP581083795266900
SEVADGNFPI581084003133100
SEVABSMIPJ581084258450300
SEVAFITHRN581084473039700
SEVACZFPJD581084725875700
SEVAHRSUGE581084947429600
SEVAHKIVGO581085185250900
SEVAJJGZPA581085389765200
SEVASYNGJW581085588323300
SEVATCBOND581085810642300
SEVARKYJKJ581086082425700
SEVAKHANZQ581086253549700
SEVAVDMIPK581086453953400
SEVALRZWRH581086612641600
SEVAOZVBCV581086788481700
SEVAZGQSJA581086970209800
SEVASHDRKJ581087184314500
SEVAJMXCPB581087396232800
SEVANZMHRD581087593045100
SEVARHKJEF581087811852700
SEVAXPIEEC581087976195900
SEVARLNAWC581088171959600
SEVAXVHTQC581088352042000
SEVAGCULIQ581088596830700
SEVADXLNRI581088756257100
SEVARASUMU581089005130100
SEVAYGXNNP581089278791900
SEVANNCLNH581089482195600
SEVACVCJID581089685588300
SEVAIMEZMO581089900615500
SEVAEQYHST581090097469500
SEVAQGFNMJ581090307988300
SEVAHQZZNZ581090536085100
SEVAMKLRIY581090746285900
SEVAXPFHXZ581090931197800
SEVAXYTWPF581091141868900
SEVAJSBDEV581091320537100
SEVAETHKMN581091516551400
SEVATFFFDK581091777616200
SEVABNVMTG581091957159500
SEVAJLERTG581092180849600
SEVAXWKPBX581092412241800
SEVAIYQKUS581092588806300
SEVANDZZEQ581092763023600
SEVACAXLOM581092973456400
SEVAZFTHLN581093189766500
SEVAZHRDHX581093425353100
SEVAMZSEEC581093641265900
SEVAICAKMG581093827978800
SEVABATXKL581094002547100
SEVAXTAJFZ581094202899400
SEVABNSAOV581094382592400
SEVASFGFLZ581094576620600
SEVAYGAVEJ581094790052400
SEVADXGRGW581095025150000
SEVANBVGJG581095256553200
SEVATNNYJR581095486308700
SEVAQLUGNO581095700871600
SEVAKUTBSI581095939123200
SEVAODMFTO581096122450200
SEVARHLVUW581096288021800
SEVANOOOVT581096467156700
SEVAFWLDIC581096659962000
SEVAJRFFRJ581096885472200
SEVAWPGLQG581097082127900
SEVACNJKZH581097360846600
SEVADLQSYU581097592275200
SEVAASMFRF581097764100900
SEVAGXQZVN581098003851800
SEVAZSJCLO581098230213700
SEVAQSFIVQ581098476842100
SEVAFCACNV581098721774000
SEVAROKABD581098967061000
SEVAHRXKAQ581099162185700
SEVAYSTWEM581099392793700
SEVAFXOGTF581099592774100
SEVAFEBTHM581099928774600
SEVANJPUNU581100203799300
SEVACHZICM581100397702100
SEVAPPVWFJ581100574394200
SEVAHLZGBG581100872511200
SEVAMBDSDJ581101265358700
SEVAQODWDL581101622217800
SEVANRNTCE581101906790800
SEVAEBAJOS581102106208200
SEVAKORGKG581102370483000
SEVAWFXNOD581102564076800
SEVACVXHUI581102735388400
SEVAMFIWOC581103038851700
SEVABBJJNY581103341954900
SEVAYXATVG581103598020800
SEVAKMIHRS581104083430800
SEVACXVRJB581104436612700
SEVAOCTOJX581104696120800
SEVAGEDNTE581104927606700
SEVAGOCEOI581105134485800
SEVAMIUVTV581105317129200
SEVACJMCYW581105513913800
SEVAPYXSUX581105767509300
SEVARJUNXJ581106000714900
SEVAIYLDJI581106189360000
SEVAGXNCJU581106381904600
SEVAQEWFUL581106621565200
SEVAJEXGDW581106798708200
SEVAJDIGOY581106997627100
SEVAZRNJWX581107216307000
SEVAIVZHQV581107486339000
SEVAPGXZEU581107651411700
SEVANWTFMH581107879482600
SEVAWMONVJ581108125277200
SEVAYAPQOP581108335344300
SEVAIVOQUR581108545161400
SEVAWKGXTC581108794104700
SEVARCOLQD581108986813300
SEVAFOFAZY581109168587800
SEVANXXDOJ581109335931800
SEVAALWLLU581109531251900
SEVAQSHWJL581109703890600
SEVASYENCE581109876466100
SEVAZVIKYX581110064010200
SEVASNYORG581110258582100
SEVAGGLXBX581110481633200
SEVALYVZKR581110665464100
SEVAFQPYGX581110859405400
SEVADOWOEI581111057385200
SEVASTKDLC581111260187900
SEVAYJIIKA581111449891100
SEVAKMVQSK581111631985600
SEVAIXYDBX581111887315000
SEVABPROYO581112101995200
SEVAOKFIBQ581112338008900
SEVAPMGOXU581112536293200
SEVAHOAEOG581112739867500
SEVAGIGUQT581112993126200
SEVALADMIT581113189609300
SEVAKAWLHQ581113376023700
SEVADHEEZL581113628202300
SEVAKRVWXE581113802423100
SEVAXOVLOL581114010987800
SEVATXZAHY581114222917400
SEVARVVDOY581114429731900
SEVAZGBPPB581114624055200
SEVAEUJNGS581114843076100
SEVAHVURQH581115096745100
SEVAVNMKWC581115305574200
SEVAGNGMAE581115495121600
SEVAQAITRL581115728978600
SEVAXFKAVZ581116006693400
SEVAISBBWU581116213527400
SEVALCNLOP581116414014800
SEVABZOFOI581116615059200
SEVALPJNTY581116796516800
SEVAMNCRHQ581117030906800
SEVAKIZDTV581117276516000
SEVADIJQJT581117489269900
SEVANQFPOO581117726695700
SEVAZJHLLU581117985809500
SEVAZXMFYR581118239591900
SEVAOHIKDM581118501280800
SEVARUIPUE581118696716600
SEVAPLIXGK581118951755400
SEVAEARIVI581119138368100
SEVAVXTXQO581119365701300
SEVAKOFEWY581119614514000
SEVAWXOJJW581119831201300
SEVAGLQHPR581120070975600
SEVAONOAWX581120274100300
SEVAIXUNMA581120521305000
SEVAUGVHRL581120756147500
SEVAKDDUQV581120980184700
SEVAPYMCFR581121182449000
SEVAWDKUKF581121348312300
SEVACORYAO581121523701700
SEVAWUXRBA581121739598100
SEVALECHYV581121934789200
SEVAMMEDPB581122225204000
SEVADBKNJB581122434460700
SEVAQBTZAA581122619390900
SEVANZXLMX581122853784600
SEVAAFJXLD581123083572700
SEVAILOPHM581123271193200
SEVATOSRNI581123516927200
SEVATGDSIF581123768789300
SEVAVKUZVI581124025327200
SEVAEHIUDD581124191810500
SEVAMXXMKO581124365433500
SEVAJFDORH581124533263100
SEVAMXPXZB581124704522500
SEVAMINBXS581124887424600
SEVAHDZTIO581125054382200
SEVAGQTJOE581125236793900
SEVAHIDKTQ581125414343300
SEVAYAAVZU581125637520300
SEVAGSUFFS581125822450000
SEVAUUMRZM581126074581700
SEVAHCBOZH581126252448200
SEVAIGNNKU581126457436200
SEVAXWPBZJ581126691668100
SEVAWSPMWD581126955236300
SEVAVMVICN581127209113700
SEVAYSAELZ581127452564600
SEVAIQVANE581127762215500
SEVALTLIPS581127995643200
SEVATIKQQJ581128189518500
SEVAGPPFPB581128384603400
SEVAAHDPSU581128632764200
SEVAQIWIYV581128825865500
SEVAKPVGIZ581129029340500
SEVAQOEDCZ581129210642600
SEVAFBNJVT581129383501000
SEVAZDBMNR581129609142800
SEVABNNMPZ581129847445700
SEVAZWGUIJ581130065681300
SEVAZQLLGC581130279834800
SEVAGCZZVK581130504758500
SEVACBHKQH581130739244500
SEVAYASRUH581130944451900
SEVALLJZPF581131175981700
SEVAXIMLIY581131406226300
SEVAJUARNF581131645530500
SEVAFDPOZS581131866817700
SEVACVRVMG581132136199800
SEVAPQDYML581132376188700
SEVAWEFQRP581132532492800
SEVADOJKKS581132728216100
SEVARSMQFK581132892278200
SEVADFVQZB581133120664700
SEVAZGEFFO581133327024300
SEVAZVVGVG581133540023100
SEVAMEJXHI581133792918500
SEVAEODCYJ581134032668000
SEVAXZWCKU581134243294800
SEVATDSHJG581134470935600
SEVACVSWZX581134679558200
SEVALSCGSW581134882613200
SEVAVZKPZL581135071511900
SEVAOIGRGU581135270668700
SEVAWQRDYC581135477013900
SEVAGFHPNK581135673049400
SEVAUNUBNP581135882697000
SEVAWPNXYJ581136076839500
SEVARSGHMV581136289862600
SEVANBELPJ581136497590700
SEVAPRNZGR581136704527000
SEVACOFHFA581136930906700
SEVAVALXAW581137115208900
SEVAMKSLJD581137295174600
SEVABSADSA581137533568900
SEVAJGQXQA581137778238300
SEVAOVZFZO581138017691700
SEVARWPIWB581138179612400
SEVAVGHWNF581138411215000
SEVAHELMWC581138651287500
SEVARVKIOU581138879834100
SEVAKIMRFC581139070828700
SEVAJEKOOQ581139340180900
SEVAJZJSCD581139548606800
SEVAYXFJBG581139777476700
SEVAGADDSK581139988370400
SEVADVKQLO581140208823100
SEVABUERWG581140446356400
SEVAEZSHMQ581140687157800
SEVAACECAX581140900743900
SEVAOICCGH581141120776800
SEVAPZKLHD581141296517800
SEVARTPMBF581141484543000
SEVAJTDBKT581141675849400
SEVAOEKJWU581141916747200
SEVATGTFQP581142153638000
SEVAGEPGEY581142390850800
SEVAPYLKEG581142592807000
SEVACVMFHF581142819808000
SEVANTAKWY581143031655700
SEVANMFNFU581143284550900
SEVADHERCW581143569564500
SEVAIYMXRR581143770510900
SEVAJZVRGG581143957305800
SEVAXHBGKJ581144210786900
SEVAHRFZFB581144399900500
SEVAGTTKMA581144605002600
SEVAXFAANP581144805025600
SEVABLWUNJ581145027245000
SEVAXGRRVW581145269174000
SEVAZFJDZL581145494275100
SEVAJVWXCR581145736064400
SEVAFBVMLJ581145920927300
SEVAZGHQPK581146144958800
SEVAUNKHPB581146331454500
SEVAYRNTTX581146518541500
SEVASJXTZA581146805223500
SEVAYGGZGS581147027372600
SEVAFBTHZC581147238439800
SEVABJVYSG581147434195800
SEVAAJFKYR581147621332400
SEVAMOPVCG581147855028700
SEVATNOQVK581148097278700
SEVAVRDTYR581148333921500
SEVARQOLFT581148516579400
SEVATEQKHO581148719435700
SEVAQQTWUK581148933545600
SEVAUPKSEB581149106139900
SEVALMFSMS581149321372700
SEVAPBMLOD581149559749100
SEVATDLGSW581149831385400
SEVATNVHQO581150058560400
SEVAQMTGQV581150248822100
SEVABOIPHQ581150484709000
SEVARBKDAC581150673584700
SEVANNAEQV581150883587500
SEVAHHCVXT581151134994900
SEVANYMQPI581151310759300
SEVACXGDPI581151501229900
SEVABYNWCH581151703483700
SEVAIGFZJP581151874069100
SEVATZKPDM581152114582800
SEVAKKJDES581152353714600
SEVABSXNVH581152632749300
SEVAUPZUJL581152840889900
SEVABVXFJD581153094643200
SEVANQVMAK581153262623000
SEVABVXWBZ581153526255000
SEVAULWSEJ581153769265600
SEVAGMSIOW581153976864200
SEVASOYNIV581154228155500
SEVALIRRSD581154409806700
SEVAJOYLVG581154658086700
SEVAABECDE581154890717000
SEVAXHOHCR581155058818900
SEVAQFESAA581155286740700
SEVATKEOMK581155519859300
SEVAOEJMDF581155710965800
SEVAPEBBAR581155922674500
SEVAKMJQRY581156165587500
SEVAKPRJZZ581156342963400
SEVACSYYFQ581156522814100
SEVANROOJA581156787952500
SEVAILJBQC581156974807200
SEVAHTTLJX581157192914600
SEVAPTSTDV581157433329200
SEVALMBFWU581157670812700
SEVAOEXLDQ581157929887300
SEVADTTCWH581158122957600
SEVAPOBBHV581158287411200
SEVAUBXOGA581158512016700
SEVAYFFEOO581158763330700
SEVATEBTJD581158946114900
SEVAZEFRQE581159175153200
SEVAWNTINX581159372122300
SEVAVQHXMP581159552275200
SEVATMZHTZ581159747889300
SEVATHIQHV581159980210800
SEVACQKRCA581160222057800
SEVARCPZOE581160402513300
SEVASTQVTN581160563927000
SEVARCQBJI581160811185600
SEVARKTNLP581161047139700
SEVANONTOH581161235217400
SEVABZJFTZ581161410297600
SEVADFEHZU581161591797900
SEVAYVQZMI581161792255100
SEVAZZRZQQ581161986683500
SEVAYDPCBG581162187129100
SEVARPFIQU581162446944900
SEVAGEKTBI581162711140500
SEVARPCKCB581162913314300
SEVAJRYTVO581163142429300
SEVANIHGTQ581163302306300
SEVASTVUDF581163467988200
SEVAVPUCNS581163639263700
SEVAQOJKYE581163795039600
SEVAVNSMDT581163968460500
SEVAAJKGJG581164125895500
SEVAKZJQMX581164224460300
SEVAOUBJMS581164308092400
SEVADHMOBF581164472389100
SEVAFRQKRP581164648533400
SEVAFCVWXY581164818465800
SEVAEVCKVB581164985167900
SEVAZICUVQ581165147358500
SEVAGVAVVB581165319345400
SEVANEDTMR581165484080200
SEVAFCSGBG581165652701800
SEVABCXUXK581165829361700
SEVAYXMOBY581166009724600
SEVAILGTPP581166194702400
SEVATVELBT581166412357500
SEVAAOARND581166514940200
SEVAQSNXKA581166617014800
SEVAWRXWJF581166709765600
SEVALFVMDA581166815927800
SEVADTDOLF581166895662000
SEVAHLKQDS581166997665000
SEVAMTOPKN581167083653100
SEVAGYQIRW581167173413600
SEVAOQYWJX581167262982000
SEVAUWQJMO581167350988700
SEVATKJRMT581167437455500
SEVAVBRMKN581167523881600
SEVAYOXIPA581167610719200
SEVAUCMBUN581167792426800
SEVAXVNYAU581167963014100
SEVACMWPTE581168132056400
SEVAMSKYFA581168307534900
SEVAJPDOGE581168484326400
SEVALGJQQC581168650703200
SEVASXDMCV581168815902000
SEVABOWEUK581168993171900
SEVADZELZN581169162895600
SEVAHYGKPS581169337346600
SEVAMRECQA581169514136900
SEVAQMJLBO581169679925400
SEVADOYRJT581169864933600
SEVABGBDSH581170041860400
SEVABXEIFL581170205616100
SEVAXOWVEH581170404450700
SEVANYJRIT581170581719100
SEVAKQOXZF581170894046200
SEVAFAUIPE581171093616500
SEVAWVFQZE581171300511400
SEVADZYEKD581171529720600
SEVARZPXBM581171743638100
SEVAZEFIZZ581171943338800
SEVAUYCWFF581172140531800
SEVACFWPKP581172343851100
SEVAENAFES581172530661900
SEVAFUYQMJ581172730291800
SEVARPCGZD581172933700600
SEVAGROCEJ581173156914900
SEVASBIIFU581173368259900
SEVAOLJFFR581173583171900
SEVAEXLENJ581173787446000
SEVAGRJDTL581173995146200
SEVAXUBAEB581174195637800
SEVACKERPM581174410775600
SEVADMEAGT581174614411400
SEVAOBQWCP581174720876900
SEVAWYRDPR581174815234600
SEVARZMKZL581174927941400
SEVAARRAXM581175023991700
SEVAZIKEGA581175129585000
SEVATIPGBA581175234031200
SEVAXPYOBY581175328929200
SEVAKXLGJV581175428590000
SEVAGQLAXY581175534468900
SEVAFHLGBD581175622856300
SEVAUSUZHG581175814286600
SEVAAKRIDN581175919235600
SEVAZLRNVQ581176140320200
SEVALUDGWG581176355255600
SEVAWSZUTZ581176579840700
SEVAZIFMHA581176704402700
SEVAMLBBBA581176821534900
SEVAQGWWVN581176919302700
SEVAUGTGJA581177019088300
SEVAJBEWFJ581177112505400
SEVAYSMIPY581177221763200
SEVAAHMSHJ581177316044800
SEVALUJYMW581177419774400
SEVAXFHEVA581177515575300
SEVALJRYXB581177608447100
SEVAKHEIJC581177705599300
SEVAIXKBZD581177798059400
SEVARXAXVX581177986767800
SEVAKRNAPB581178092535100
SEVAZSVGHP581178188592200
SEVAVRYUVS581178285009100
SEVAKTMQAM581178391394800
SEVAXDMHHB581178482880000
SEVAZIJSGG581178573667700
SEVAAXAIHO581178665016000
SEVACHRLEU581178762689600
SEVARMOSSB581178866840500
SEVAONRHXO581178957675300
SEVAXVNMRX581179049917800
SEVABEFOHE581179155035000
SEVAEBIEZN581179339477900
SEVARUTEJQ581179534850400
SEVAUTBFQG581179727356900
SEVAYOGHXU581179927082800
SEVAWNEHZK581180028422400
SEVAJLIKNT581180121775200
SEVAANWFLA581180215883200
SEVAEWZABY581180316443700
SEVAEFYLDV581180414560500
SEVAAKEKDT581180510494100
SEVAJLTFQE581180601889100
SEVANOEULF581180692965300
SEVAZKBBQQ581180795964000
SEVAOWCCNK581181017644800
SEVAVWJAGX581181199160800
SEVADFELQY581181415528400
SEVAXRZCQC581181635782900
SEVAUEMFJW581181869298500
SEVANRNRWA581181964877700
SEVAOPLFJM581182154476900
SEVAVMCHXY581182342087700
SEVANEXWWI581182534215600
SEVAMADTLO581182748566100
SEVAGNFXXU581182950843000
SEVAVSWTBZ581183150355500
SEVAWRZRIH581183354972700
SEVAYKDEUB581183565561300
SEVAYMHDUJ581183780005500
SEVAVRXWKX581183999750800
SEVAMYYXOX581184224660100
SEVAWYLKGE581184443683000
SEVAHZIQKW581184549039200
SEVAALBFXX581184642467400
SEVALWWDRH581184752030300
SEVAUQIFAV581184846702400
SEVAJGZFQK581185044370400
SEVAFVANAC581185237245300
SEVAHEYPIJ581185454764500
SEVAOHSWPA581185661315600
SEVAXMANSS581185866549700
SEVAZUZUCW581186071145400
SEVADMUULE581186172891800
SEVATZJVGY581186277633500
SEVANAXMQG581186515944100
SEVANUMAVR581186638354400
SEVAPSIDVX581186968580800
SEVAJYRRML581187084002100
SEVAWZPADS581187329726700
SEVADZQNDD581187547777200
SEVAKRCEWO581187765072600
SEVAVFTVFO581187975787200
SEVAIIGXCL581188088240100
SEVANHIYQS581188188048300
SEVAUASXJO581188386693700
SEVAAXOKUT581188577894000
SEVARZKWXU581188788279400
SEVASPMVTL581189004705000
SEVAHIOJES581189119965100
SEVAFWKWPL581189214044400
SEVAAJCEES581189430948500
SEVADACNJJ581189542945200
SEVAFQITZH581189637417500
SEVAQHIWRP581189739158800
SEVAWYLIVE581189838209000
SEVAQESUOK581189947603900
SEVAZPMYLG581190043587400
SEVAOWPFSQ581190144015100
SEVAQOSXYE581190251356600
SEVAJFHITI581190361634400
SEVAXWEPDO581190602663700
SEVAXROLQQ581190854112000
SEVAEGQTTG581191106831500
SEVASVPIDM581191383803400
SEVAKMFTQV581191662870600
SEVADIFYKE581191964280700
SEVAEVBQQQ581192197291600
SEVAHAXUUP581192429954300
SEVAKKIHGS581192651895600
SEVAOPCDRP581192853321000
SEVANIPAMM581193056289900
SEVAVTMNYZ581193255639000
SEVAFVHQXX581193454226800
SEVALVQWPO581193723149700
SEVAKDZFFJ581193952043400
SEVADVGYJU581194200131500
SEVABNUWRJ581194436132900
SEVAYFXBLV581194661961800
SEVAFZKJFS581194800274000
SEVARQNQFS581194915822600
SEVAOBRTDS581195178736300
SEVAEOXHOE581195317673300
SEVASYLESO581195651542100
SEVAHCFZII581195800386900
SEVABLSHDC581195931506100
SEVAFLTZWD581196185940200
SEVAHPHWKK581196447931300
SEVALHNGIQ581196709742700
SEVADVMJNY581197024993000
SEVAKXYELR581197307813900
SEVAYPQSZT581197547852400
SEVAEVWBFN581197843359100
SEVAHNWXUI581198144221000
SEVARIGQSG581198364782600
SEVAKSKRJP581198577812700
SEVAYZMTFN581198798006900
SEVACTWWMD581199021906400
SEVAKQSLMO581199258650900
SEVAHTLBOE581199456592500
SEVAKNYFLI581199689766200
SEVAVOQOJO581199977476500
SEVASNSRLX581200146635700
SEVAFWGCYZ581200437270100
SEVAJENYBJ581200692957800
SEVACLZXRG581200892945900
SEVAYFOFMQ581201094598800
SEVANHGXSY581201495383300